0:100  0:100  MemLog inited, TSC freq: 3192449940
0:100  0:000  CPU was calibrated with RTC
0:100  0:000  Clover : Image base = 0x62228000
1:600  1:500  
1:600  0:000  Now is 21.09.2020,  18:33:39 (GMT)
1:601  0:000  Starting Clover revision: 5122 (opencore_integration_tmp, No OC section 2109.5) on American Megatrends EFI
1:601  0:000  Build with: [Args: --gcc53 --target=DEBUG --define=DEBUG_ON_SERIAL_PORT -n 9 | build -D DEBUG_ON_SERIAL_PORT --conf=/JiefLand/5.Devel/Clover/Clover-projects/Clover--CloverHackyColor--opencore_integration2/Conf -D USE_LOW_EBDA -a X64 -b DEBUG -t GCC53 -n 9 | OS: 10.14.6]
1:602  0:000  SelfDevicePath=PciRoot(0x0)\Pci(0x14,0x0)\USB(0x6,0x0)\USB(0x2,0x0)\USB(0x0,0x0)\HD(1,GPT,2716E5F6-62CE-4555-805F-F478AE7747F6,0x28,0x64000) @75E74F98
1:603  0:000  SelfDirPath = \EFI\BOOT
1:606  0:003  SimpleTextEx Status=Success
1:606  0:000  === [ Get Smbios ] ==============================
1:606  0:000  Type 16 Index = 0
1:607  0:000  Total Memory Slots Count = 4
1:607  0:000  Type 17 Index = 0
1:607  0:000  Ignoring insane frequency value 0MHz
1:607  0:000  Type 17 Index = 1
1:607  0:000  SmbiosTable.Type17->Speed = 2666MHz
1:607  0:000  SmbiosTable.Type17->Size = 8192MB
1:608  0:000  SmbiosTable.Type17->Bank/Device = BANK 1 ChannelA-DIMM2
1:608  0:000  SmbiosTable.Type17->Vendor = CRUCIAL
1:608  0:000  SmbiosTable.Type17->SerialNumber = E124B2C2
1:608  0:000  SmbiosTable.Type17->PartNumber = CT8G4DFS8266.C8FD1  
1:608  0:000  Type 17 Index = 2
1:609  0:000  Ignoring insane frequency value 0MHz
1:609  0:000  Type 17 Index = 3
1:609  0:000  SmbiosTable.Type17->Speed = 2666MHz
1:609  0:000  SmbiosTable.Type17->Size = 8192MB
1:609  0:000  SmbiosTable.Type17->Bank/Device = BANK 3 ChannelB-DIMM2
1:609  0:000  SmbiosTable.Type17->Vendor = CRUCIAL
1:610  0:000  SmbiosTable.Type17->SerialNumber = E124B2C4
1:610  0:000  SmbiosTable.Type17->PartNumber = CT8G4DFS8266.C8FD1  
1:610  0:000  Boot status=0
1:610  0:000  Running on: 'System Product Name' with board 'PRIME H370-A'
1:610  0:000  === [ GetCPUProperties ] ========================
1:611  0:000  CPU Vendor = 756E6547 Model=906EA
1:611  0:000   The CPU supported SSE4.1
1:611  0:000  BrandString = Intel(R) Core(TM) i7-8700 CPU @ 3.20GHz
1:611  0:000   The CPU supported turbo
1:611  0:000  MSR 0x35               6000C
1:611  0:000   TSC/CCC Information Leaf:
1:612  0:000    numerator     : 266
1:612  0:000    denominator   : 2
1:612  0:000   Calibrated ARTFrequency: 24003383
1:612  0:000   Rounded ARTFrequency: 24000000
1:612  0:000  MSR 0xE2 before patch 1E000000
1:612  0:000  MSR 0xCE              08080838_F1012000
1:612  0:000  corrected FLEX_RATIO = 0
1:613  0:000  FSBFrequency = 99 MHz, DMI FSBFrequency = 100 MHz, Corrected FSBFrequency = 100 MHz
1:613  0:000  MaxDiv/MinDiv: 32.0/8
1:613  0:000  Turbo: 43/44/45/46
1:613  0:000  Features: 0x77FAFBFFBFEBFBFF
1:613  0:000  Threads: 12
1:613  0:000  Cores: 6
1:614  0:000  FSB: 100 MHz
1:614  0:000  CPU: 3168 MHz
1:614  0:000  TSC: 3168 MHz
1:614  0:000  PIS: 100 MHz
1:614  0:000  ExternalClock: 25 MHz
1:614  0:000  === [ GetDevices ] ==============================
1:614  0:000  GOP found at: PciRoot(0x0)/Pci(0x1,0x0)/Pci(0x0,0x0)/AcpiAdr(0x80010303)
1:615  0:000  PCI (00|00:00.00) : 8086 3EC2 class=060000
1:615  0:000  PCI (00|00:01.00) : 8086 1901 class=060400
1:615  0:000  PCI (00|01:00.00) : 1002 67DF class=030000
1:615  0:000   - GOP: Provided by device
1:615  0:000   - GFX: Model=AMD Radeon RX 480/570/580 (ATI/AMD)
1:616  0:000  PCI (00|01:00.01) : 1002 AAF0 class=040300
1:616  0:000   - HDMI Audio: 
1:616  0:000  PCI (00|00:02.00) : 8086 3E92 class=038000
1:616  0:000   - GFX: Model=Intel UHD Graphics 630 (Intel)
1:616  0:000  PCI (00|00:14.00) : 8086 A36D class=0C0330
1:617  0:000  PCI (00|00:14.02) : 8086 A36F class=050000
1:617  0:000  PCI (00|00:16.00) : 8086 A360 class=078000
1:617  0:000  PCI (00|00:17.00) : 8086 A352 class=010601
1:617  0:000  PCI (00|00:1C.00) : 8086 A33A class=060400
1:617  0:000  PCI (00|00:1D.00) : 8086 A330 class=060400
1:618  0:000  PCI (00|00:1D.03) : 8086 A333 class=060400
1:618  0:000  PCI (00|04:00.00) : 10EC 8168 class=020000
1:618  0:000   - LAN: 0 Vendor=Realtek
1:618  0:000  PCI (00|00:1F.00) : 8086 A304 class=060100
1:618  0:000  PCI (00|00:1F.03) : 8086 A348 class=040300
1:619  0:000  PCI (00|00:1F.04) : 8086 A323 class=0C0500
1:619  0:000  PCI (00|00:1F.05) : 8086 A324 class=0C8000
1:619  0:000  === [ GetDefaultSettings ] ======================
1:619  0:000  Clover load options size = 0 bytes
1:640  0:020  CheckOEMPathExists tried EFI\CLOVER\OEM\System Product Name--00-00-00-00-00-00. Dir not exists
1:640  0:000  CheckOEMPathExists tried EFI\CLOVER\OEM\PRIME H370-A\UEFI. Dir not exists
1:640  0:000  CheckOEMPathExists tried EFI\CLOVER\OEM\System Product Name. Dir not exists
1:641  0:000  CheckOEMPathExists tried EFI\CLOVER\OEM\System Product Name-3168. Dir not exists
1:641  0:000  CheckOEMPathExists tried EFI\CLOVER\OEM\PRIME H370-A. Dir not exists
1:641  0:000  CheckOEMPathExists tried EFI\CLOVER\OEM\PRIME H370-A-3168. Dir not exists
1:641  0:000  set OEMPath by default: EFI\CLOVER
1:646  0:004  Using config.plist at SelfRootDir at path: EFI\CLOVER\config.plist
1:647  0:000  EFI\CLOVER\config.plist loaded: Success
1:647  0:000  === [ GetListOfThemes ] =========================
1:650  0:003  - [00]: Simplicity
1:653  0:003  - [01]: minimalism2-2
1:664  0:010  - [02]: random
1:664  0:000  - [02]: embedded
1:667  0:002  === [ Found config plists ] =====================
1:672  0:005  - config.plist
1:672  0:000  - config-oc.plist
1:672  0:000  === [ GetEarlyUserSettings ] ====================
1:672  0:000  timeout set to 10
1:673  0:000  Custom boot CUSTOM_BOOT_DISABLED (0x0)
1:811  0:138   get BlueValue=1.200000
1:856  0:044  KextsToPatch: 3 requested
1:900  0:044   - [00]: IOAHCIBlockStorage (TRIM Enabler) :: BinPatch :: data len: 11
2:088  0:187   - [01]: PioneerSuperDrive (PioneerBD-RW No Sleep) :: BinPatch :: data len: 15
2:265  0:177   - [02]: AppleAHCIPort (External icons patch) :: BinPatch :: data len: 8
2:456  0:191  Default theme: minimalism2-2
2:501  0:044  Hiding entries with string Windows
2:545  0:044  Hiding entries with string BOOTX64.EFI
2:600  0:054  Hiding entries with string Recovery
2:644  0:044  Hiding entries with string grub
2:688  0:044  Hiding entries with string preboot
2:733  0:044  === [ LoadDrivers ] =============================
2:783  0:049  Loading FSInject.efi  status=Success%S : Image base = 0x71b26398
2:967  0:183  Loading OpenRuntime.efi  status=Success%S : Image base = 0x71b26398
3:160  0:193  Loading HFSPlus.efi  status=Success%S : Image base = 0x71b26398
3:354  0:193   - driver needs connecting
3:398  0:044  Loading VirtualSmc.efi  status=Success%S : Image base = 0x7477d398
3:584  0:186  Loading ApfsDriverLoader.efi  status=Success%S : Image base = 0x7477d398
3:786  0:201   - driver needs connecting
3:830  0:044  Loading AudioDxe.efi  status=Success%S : Image base = 0x71b1fe18
4:036  0:206   - driver needs connecting
4:081  0:044  3 drivers needs connecting ...
4:139  0:057  PlatformDriverOverrideProtocol not found. Installing ... Success
4:227  0:088  HFS+ driver loaded
4:272  0:044  APFS driver loaded
4:316  0:044  Searching for invalid DiskIo BY_DRIVER connects: not found, all ok
11:589  7:273  === [ InitScreen ] ==============================
11:633  0:043  Console modes reported: 4, available modes:
11:677  0:044   - [01]: 80x25 (current mode)
11:732  0:055   - [02]: 80x50
11:776  0:044   - [03]: 100x31
11:821  0:044   - [04]: 240x63
11:879  0:057  SetScreenResolution: 1920x1200 - already set
11:967  0:088  reinit: self device path=PciRoot(0x0)\Pci(0x14,0x0)\USB(0x6,0x0)\USB(0x2,0x0)\USB(0x0,0x0)\HD(1,GPT,2716E5F6-62CE-4555-805F-F478AE7747F6,0x28,0x64000)
12:013  0:045  new SelfHandle=75E74F98
12:059  0:046  Using embedded font
12:105  0:045  === [ GetMacAddress ] ===========================
12:150  0:044  MAC address of LAN #0= 40:B0:76:DB:40:BD:
12:516  0:366  === [ ScanSPD ] =================================
12:575  0:058  Scanning SMBus [8086:A323], mmio: 0xA2318004, ioport: 0xEFA0, hostc: 0x11
12:640  0:064  Slot: 1 Type 26 8192MB 2666MHz Vendor=Crucial Technology PartNo=CT8G4DFS8266.C8FD1 SerialNo=E124B2C2
12:703  0:063  Slot: 3 Type 26 8192MB 2666MHz Vendor=Crucial Technology PartNo=CT8G4DFS8266.C8FD1 SerialNo=E124B2C4
12:748  0:044  === [ GetAcpiTablesList ] =======================
12:792  0:044  Get Acpi Tables List from RSDT:
12:891  0:099   - [00]: FACP  A M I  len=132
12:936  0:044   - [01]: APIC  A M I  len=244
13:015  0:079   - [02]: FPDT  A M I  len=68
13:060  0:044   - [03]: FIDT  A M I len=156
13:104  0:044   - [04]: MCFG  A M I  len=60
13:148  0:044   - [05]: WSMT  A M I  len=40
13:193  0:044   - [06]: SSDT  CpuSsdt len=6940
13:237  0:044   - [07]: SSDT  SaSsdt  len=12441
13:282  0:044   - [08]: SSDT  PegSsdt len=9003
13:326  0:044   - [09]: HPET  A M I  len=56
13:371  0:044   - [10]: SSDT  Ther_Rvp len=4014
13:415  0:044   - [11]: SSDT  xh_cfsd4 len=12239
13:459  0:044   - [12]: UEFI  A M I  len=66
13:517  0:057   - [13]: LPIT  A M I  len=148
13:562  0:044   - [14]: SSDT  PtidDevc len=10206
13:616  0:054   - [15]: SSDT  TbtTypeC len=5346
13:661  0:044   - [16]: DBGP  A M I  len=52
13:705  0:044   - [17]: DBG2  A M I  len=84
13:749  0:044   - [18]: SSDT  ADebTabl len=324
13:794  0:044   - [19]: VFCT  A M I  len=60036
13:838  0:044   - [20]: BGRT  A M I  len=56
13:882  0:044  Calibrated TSC Frequency = 3192449940 = 3192MHz
13:928  0:045  === [ GetUserSettings ] =========================
13:986  0:058  USB FixOwnership: yes
14:031  0:044  Dropping 2 tables:
14:075  0:044   - [00]: Drop table  signature="DMAR" (52414D44)
14:164  0:088  ----
14:208  0:044           - set table: 52414D44,                0 to drop: no
14:307  0:099   - [01]: Drop table  signature="MATS" (5354414D)
14:396  0:088  ----
14:440  0:044           - set table: 5354414D,                0 to drop: no
14:529  0:088   - final DSDT Fix mask=0006005C
14:574  0:044  PatchesDSDT: 3 requested
14:632  0:057   - [00]: (change XHC1 to XHC) lenToFind: 4, lenToReplace: 4, Target Bridge: 
14:874  0:242   - [01]: (change SAT0 to SATA) lenToFind: 4, lenToReplace: 4, Target Bridge: 
15:106  0:232   - [02]: (change XHCI to XHC) lenToFind: 4, lenToReplace: 4, Target Bridge: 
15:329  0:222  Using ProductName from config: iMac19,2
15:374  0:044  Using latest BiosVersion from config
15:418  0:044  BiosVersion: IM191.88Z.F000.B00.1904222222
15:462  0:044  BiosReleaseDate: 04/22/2019
15:517  0:054  Using latest EfiVersion from clover: 1037.120.79.0.0
15:575  0:058  Using FirmwareFeatures from config: 0xFD8FF576
15:620  0:044  Using FirmwareFeaturesMask from config: 0xFF1FFF3F
15:664  0:044  Board-ID set from config as Mac-63001698E7A34814
15:709  0:044  BoardType: 0xA
15:753  0:044  ChassisType: 0x9
15:797  0:044  Cannot find smbios.plist at path: 'EFI\CLOVER\smbios.plist' or 'EFI\CLOVER\smbios.plist'
15:843  0:045  === [ Found DSDT tables ] =======================
15:904  0:061  Added Kext=11\Lilu.kext
15:995  0:091  Added Kext=11\AppleALC.kext
16:043  0:048  Added Kext=11\SMCSuperIO.kext
16:092  0:048  Added Kext=11\WhateverGreen.kext
16:140  0:048  Added Kext=11\RealtekRTL8111.kext
16:203  0:063  Added Kext=11\SMCProcessor.kext
16:257  0:053  Added Kext=11\USBMap.kext
16:312  0:054  Added Kext=11\VirtualSMC.kext
16:367  0:054  Added Kext=10.15\Lilu.kext
16:479  0:111  Added Kext=10.15\AppleALC.kext
16:535  0:056  Added Kext=10.15\SMCSuperIO.kext
16:593  0:058  Added Kext=10.15\WhateverGreen.kext
16:666  0:073  Added Kext=10.15\RealtekRTL8111.kext
16:722  0:055  Added Kext=10.15\SMCProcessor.kext
16:769  0:046  Added Kext=10.15\USBMap.kext
16:820  0:051  Added Kext=10.15\VirtualSMC.kext
16:866  0:045  === [ ScanVolumes ] =============================
16:911  0:044  Found 39 volumes with blockIO
16:955  0:044  - [00]: Volume: PciRoot(0x0)\Pci(0x14,0x0)\USB(0x6,0x0)\USB(0x2,0x0)\USB(0x0,0x0)
17:067  0:111  - [01]: Volume: PciRoot(0x0)\Pci(0x14,0x0)\USB(0x6,0x0)\USB(0x2,0x0)\USB(0x0,0x0)\HD(1,GPT,2716E5F6-62CE-4555-805F-F478AE7747F6,0x28,0x64000)
17:181  0:113          Result of bootcode detection: bootable unknown (legacy)
17:224  0:043          This is SelfVolume !!
17:269  0:044  - [02]: Volume: PciRoot(0x0)\Pci(0x14,0x0)\USB(0x6,0x0)\USB(0x2,0x0)\USB(0x0,0x0)\HD(2,GPT,20BCF313-050D-4AFF-81C5-2C0987A90077,0x64028,0x1C2DA10)
17:360  0:091  - [03]: Volume: PciRoot(0x0)\Pci(0x14,0x0)\USB(0x12,0x0)
17:913  0:553  - [04]: Volume: PciRoot(0x0)\Pci(0x14,0x0)\USB(0x12,0x0)\HD(1,GPT,7935ED5D-91A8-4116-9B79-07FB45534A7C,0x28,0x64000)
18:015  0:101          Result of bootcode detection: bootable unknown (legacy)
18:059  0:044  - [05]: Volume: PciRoot(0x0)\Pci(0x14,0x0)\USB(0x12,0x0)\HD(2,GPT,992C703E-3E8E-408A-B9F2-231DF1209135,0x64028,0x20948150)
18:162  0:102  - [06]: Volume: PciRoot(0x0)\Pci(0x14,0x0)\USB(0x12,0x0)\HD(3,GPT,C55A0A16-DAD4-4A5D-8E6A-7AB3D9BCAE43,0x209EC178,0x29E4D608)
18:261  0:099  - [07]: Volume: PciRoot(0x0)\Pci(0x14,0x0)\USB(0x12,0x0)\HD(4,GPT,44D163F3-0CD7-4CE4-BBD2-9D829C464BC8,0x4A879780,0x29E4D608)
18:372  0:111  - [08]: Volume: PciRoot(0x0)\Pci(0x14,0x0)\USB(0x13,0x0)
18:461  0:089          Result of bootcode detection: bootable unknown (legacy)
18:506  0:044  - [09]: Volume: PciRoot(0x0)\Pci(0x14,0x0)\USB(0x13,0x0)\HD(1,GPT,EDD36747-BCC1-4E31-9D28-A30B14F79454,0x22,0x7FDE)
18:596  0:089  - [10]: Volume: PciRoot(0x0)\Pci(0x14,0x0)\USB(0x13,0x0)\HD(2,GPT,5352B84F-F94D-4E46-BCBA-FCD8D882F8BF,0x8000,0xE8E00000)
18:685  0:089          Result of bootcode detection: bootable Windows (vista,win)
18:754  0:068  - [11]: Volume: PciRoot(0x0)\Pci(0x14,0x0)\USB(0x17,0x0)
18:843  0:089          Result of bootcode detection: bootable unknown (legacy)
18:887  0:044  - [12]: Volume: PciRoot(0x0)\Pci(0x14,0x0)\USB(0x17,0x0)\HD(1,GPT,3183C430-E674-4B30-BC7B-F1B0460231DA,0x22,0x7FDE)
18:976  0:089  - [13]: Volume: PciRoot(0x0)\Pci(0x14,0x0)\USB(0x17,0x0)\HD(2,GPT,EAC51899-3E78-43BD-95D0-5FF45847C290,0x8000,0x1D1C03000)
19:066  0:089          Result of bootcode detection: bootable Windows (vista,win)
19:124  0:058  - [14]: Volume: PciRoot(0x0)\Pci(0x17,0x0)\Sata(0x0,0xFFFF,0x0)
19:214  0:089  - [15]: Volume: PciRoot(0x0)\Pci(0x17,0x0)\Sata(0x1,0xFFFF,0x0)
19:303  0:089  - [16]: Volume: PciRoot(0x0)\Pci(0x17,0x0)\Sata(0x2,0xFFFF,0x0)
19:403  0:099  - [17]: Volume: PciRoot(0x0)\Pci(0x17,0x0)\Sata(0x3,0xFFFF,0x0)
19:502  0:099  - [18]: Volume: PciRoot(0x0)\Pci(0x17,0x0)\Sata(0x5,0xFFFF,0x0)
19:600  0:098  - [19]: Volume: PciRoot(0x0)\Pci(0x17,0x0)\Sata(0x0,0xFFFF,0x0)\HD(1,GPT,06FB0163-59F8-46BA-9465-7DAA35F85887,0x3F,0x31FFF)
19:715  0:114          Result of bootcode detection: bootable Windows (vista,win)
19:760  0:045  - [20]: Volume: PciRoot(0x0)\Pci(0x17,0x0)\Sata(0x0,0xFFFF,0x0)\HD(2,GPT,6CA8CB63-3234-4537-9B99-070CFE9D8301,0x32800,0x1D06C666)
19:850  0:089          Result of bootcode detection: bootable Windows (vista,win)
19:894  0:044          hiding this volume
19:939  0:044  - [21]: Volume: PciRoot(0x0)\Pci(0x17,0x0)\Sata(0x0,0xFFFF,0x0)\HD(3,GPT,A01522C2-8C33-4C70-B02C-13975BEB604D,0x1D09F000,0x126000)
20:053  0:113          Result of bootcode detection: bootable Windows (vista,win)
20:097  0:044  - [22]: Volume: PciRoot(0x0)\Pci(0x17,0x0)\Sata(0x1,0xFFFF,0x0)\HD(1,GPT,144DA681-1434-4BD3-9063-1B9025F587EA,0x800,0x56FBC000)
20:186  0:089          Result of bootcode detection: bootable Windows (vista,win)
20:231  0:044  - [23]: Volume: PciRoot(0x0)\Pci(0x17,0x0)\Sata(0x1,0xFFFF,0x0)\HD(2,GPT,D6E29ADA-FEED-440D-B7F5-62960ABE6CC9,0x56FBD000,0x1D749000)
20:321  0:089          Result of bootcode detection: bootable Windows (vista,win)
20:379  0:058  - [24]: Volume: PciRoot(0x0)\Pci(0x17,0x0)\Sata(0x2,0xFFFF,0x0)\HD(1,GPT,AC534245-86FB-4782-B5B3-DA79571E5827,0x28,0x64000)
20:469  0:089          Result of bootcode detection: bootable unknown (legacy)
20:515  0:045  - [25]: Volume: PciRoot(0x0)\Pci(0x17,0x0)\Sata(0x2,0xFFFF,0x0)\HD(2,GPT,1107DA13-EFFF-452B-B2FC-335256BEF315,0x64028,0xDF30B60)
20:615  0:100          Result of bootcode detection: bootable unknown (legacy)
20:673  0:058  - [26]: Volume: PciRoot(0x0)\Pci(0x17,0x0)\Sata(0x3,0xFFFF,0x0)\HD(1,GPT,BF815D74-B73F-410D-B6E2-5EF6184B821C,0x28,0x64000)
20:764  0:090          Result of bootcode detection: bootable unknown (legacy)
20:809  0:045  - [27]: Volume: PciRoot(0x0)\Pci(0x17,0x0)\Sata(0x3,0xFFFF,0x0)\HD(2,GPT,349784E1-4DC3-4C53-938C-12E3974F96F7,0x64028,0xDEF0B60)
20:899  0:089          Result of bootcode detection: bootable unknown (legacy)
20:944  0:044  - [28]: Volume: PciRoot(0x0)\Pci(0x17,0x0)\Sata(0x2,0xFFFF,0x0)\HD(2,GPT,1107DA13-EFFF-452B-B2FC-335256BEF315,0x64028,0xDF30B60)\VenMedia(BE74FCF7-0B7C-49F3-9147-01F4042E6842,D6ACA599D65B3D4AB6384380D7E92DE5)
21:049  0:105          hiding this volume
21:094  0:044  - [29]: Volume: PciRoot(0x0)\Pci(0x17,0x0)\Sata(0x2,0xFFFF,0x0)\HD(2,GPT,1107DA13-EFFF-452B-B2FC-335256BEF315,0x64028,0xDF30B60)\VenMedia(BE74FCF7-0B7C-49F3-9147-01F4042E6842,2CF2C7497D2DD34A8A77A4C63A3E1EF4)
21:216  0:122  - [30]: Volume: PciRoot(0x0)\Pci(0x17,0x0)\Sata(0x2,0xFFFF,0x0)\HD(2,GPT,1107DA13-EFFF-452B-B2FC-335256BEF315,0x64028,0xDF30B60)\VenMedia(BE74FCF7-0B7C-49F3-9147-01F4042E6842,A562E82A07001040B89651C3E8283464)
21:329  0:112          hiding this volume
21:373  0:044  - [31]: Volume: PciRoot(0x0)\Pci(0x17,0x0)\Sata(0x2,0xFFFF,0x0)\HD(2,GPT,1107DA13-EFFF-452B-B2FC-335256BEF315,0x64028,0xDF30B60)\VenMedia(BE74FCF7-0B7C-49F3-9147-01F4042E6842,3CC6167961C16542B6C4A4184E82DD79)
21:462  0:089  - [32]: Volume: PciRoot(0x0)\Pci(0x17,0x0)\Sata(0x2,0xFFFF,0x0)\HD(2,GPT,1107DA13-EFFF-452B-B2FC-335256BEF315,0x64028,0xDF30B60)\VenMedia(BE74FCF7-0B7C-49F3-9147-01F4042E6842,34CFDC2ABFE2C64F97BCCEB226C5D176)
21:578  0:115  - [33]: Volume: PciRoot(0x0)\Pci(0x17,0x0)\Sata(0x2,0xFFFF,0x0)\HD(2,GPT,1107DA13-EFFF-452B-B2FC-335256BEF315,0x64028,0xDF30B60)\VenMedia(BE74FCF7-0B7C-49F3-9147-01F4042E6842,2FC1A016BAE59F4A822B8064F28CFFC2)
21:679  0:101  - [34]: Volume: PciRoot(0x0)\Pci(0x17,0x0)\Sata(0x3,0xFFFF,0x0)\HD(2,GPT,349784E1-4DC3-4C53-938C-12E3974F96F7,0x64028,0xDEF0B60)\VenMedia(BE74FCF7-0B7C-49F3-9147-01F4042E6842,533A846102CF3A4594ECAB9EB33CE192)
21:792  0:113          hiding this volume
21:837  0:044  - [35]: Volume: PciRoot(0x0)\Pci(0x17,0x0)\Sata(0x3,0xFFFF,0x0)\HD(2,GPT,349784E1-4DC3-4C53-938C-12E3974F96F7,0x64028,0xDEF0B60)\VenMedia(BE74FCF7-0B7C-49F3-9147-01F4042E6842,1DB36E028B2D784BA4F335DEE7328E22)
21:988  0:151  - [36]: Volume: PciRoot(0x0)\Pci(0x17,0x0)\Sata(0x3,0xFFFF,0x0)\HD(2,GPT,349784E1-4DC3-4C53-938C-12E3974F96F7,0x64028,0xDEF0B60)\VenMedia(BE74FCF7-0B7C-49F3-9147-01F4042E6842,A76528BFFF1481469A7EC3B56707FB4D)
22:090  0:101          hiding this volume
22:135  0:044  - [37]: Volume: PciRoot(0x0)\Pci(0x17,0x0)\Sata(0x3,0xFFFF,0x0)\HD(2,GPT,349784E1-4DC3-4C53-938C-12E3974F96F7,0x64028,0xDEF0B60)\VenMedia(BE74FCF7-0B7C-49F3-9147-01F4042E6842,ADEF8068D61E73419A54F68BD2475EB9)
22:224  0:089  - [38]: Volume: PciRoot(0x0)\Pci(0x17,0x0)\Sata(0x3,0xFFFF,0x0)\HD(2,GPT,349784E1-4DC3-4C53-938C-12E3974F96F7,0x64028,0xDEF0B60)\VenMedia(BE74FCF7-0B7C-49F3-9147-01F4042E6842,3BC88A3E2E0D5F4A8C9F69C76ACBE3D7)
22:347  0:122  found 3 handles with audio
22:390  0:043  got index=7
22:435  0:044  got volume 60
22:479  0:044  Found Audio Device AMD (Unknown) (HDMI) at index 0
22:523  0:044  Found Audio Device AMD (Unknown) (HDMI) at index 1
22:578  0:054  Found Audio Device AMD (Unknown) (HDMI) at index 2
22:623  0:044  Found Audio Device AMD (Unknown) (HDMI) at index 3
22:667  0:044  Found Audio Device AMD (Unknown) (HDMI) at index 4
22:712  0:044  Found Audio Device AMD (Unknown) (HDMI) at index 5
22:770  0:058  Found Audio Device Realtek ALC888B (SPDIF) at index 6
22:814  0:044  Found Audio Device Realtek ALC888B (LineOut) at index 7
22:859  0:044  Found Audio Device Realtek ALC888B (Speaker) at index 8
22:903  0:044  Found Audio Device Realtek ALC888B (Headphones) at index 9
22:948  0:044  Found Audio Device Intel Kaby Lake HDMI (HDMI) at index 10
22:993  0:044  === [ InitXTheme ] ==============================
23:037  0:044  use Daylight theme
23:088  0:050  Using theme 'minimalism2-2' (EFI\CLOVER\themes\minimalism2-2)
23:146  0:058  chosen theme minimalism2-2
23:201  0:055  OS main and drive as badge
23:306  0:105    Channels: 2  Sample rate: 44100 Hz  Bits: 16
23:354  0:047  output to channel 7 with volume 60, len=707104
23:398  0:044   sound channels=2 bits=16 freq=44100
23:519  0:120  sound play end with status=Success
23:566  0:046  theme inited
23:610  0:044  Chosen theme minimalism2-2
23:655  0:044  found boot-args in NVRAM:keepsyms=1 debug=0x100 -v vsmcgen=1, size=36
23:713  0:058  ...found arg:keepsyms=1
23:757  0:044  ...found arg:debug=0x100
23:802  0:044  ...found arg:-v
23:857  0:054  ...found arg:vsmcgen=1
23:901  0:044  ...adding arg:vsmcgen=1
23:956  0:054  after NVRAM boot-args=dart=0 -lilubetaall keepsyms=1 debug=0x100 -v vsmcgen=1 
24:012  0:055  === [ Dump SMC keys from NVRAM ] ================
24:056  0:044  found AppleSMC protocol
24:115  0:058  === [ ScanLoader ] ==============================
24:158  0:043  - [01]: 'EFI'
24:261  0:103          AddLoaderEntry for Volume Name=EFI
24:320  0:058       skipped because path `PciRoot(0x0)\Pci(0x14,0x0)\USB(0x6,0x0)\USB(0x2,0x0)\USB(0x0,0x0)\HD(1,GPT,2716E5F6-62CE-4555-805F-F478AE7747F6,0x28,0x64000)\EFI\BOOT\BOOTX64.efi` is self path!
24:365  0:045  - [02]: 'TestEFI'
24:453  0:088  - [04]: 'EFI'
24:561  0:107          AddLoaderEntry for Volume Name=EFI
24:605  0:043  IconName=unknown comma=-1 size=7
24:660  0:055    Full=unknown
24:704  0:044   Show badge as Drive.
24:749  0:044      Loader entry created for 'PciRoot(0x0)\Pci(0x14,0x0)\USB(0x12,0x0)\HD(1,GPT,7935ED5D-91A8-4116-9B79-07FB45534A7C,0x28,0x64000)\EFI\BOOT\BOOTX64.efi'
24:807  0:058          hiding entry: \EFI\BOOT\BOOTX64.efi
24:852  0:044  - [05]: 'MacData'
24:941  0:089  - [06]: 'CatalinaTM'
25:031  0:089  - [07]: 'MojaveTM'
25:120  0:089  - [10]: 'VideoDownload'
25:208  0:088  - [13]: 'Backup'
25:307  0:099  - [19]: 'EFI'
25:405  0:097          AddLoaderEntry for Volume Name=EFI
25:450  0:044  IconName=vista,win comma=5 size=9
25:508  0:057    first=os_vista
25:553  0:044   Show badge as Drive.
25:597  0:044      Loader entry created for 'PciRoot(0x0)\Pci(0x17,0x0)\Sata(0x0,0xFFFF,0x0)\HD(1,GPT,06FB0163-59F8-46BA-9465-7DAA35F85887,0x3F,0x31FFF)\EFI\microsoft\Boot\bootmgfw.efi'
25:654  0:056    found entry grub,linux
25:701  0:046          AddLoaderEntry for Volume Name=EFI
25:744  0:043   linux image not found
25:788  0:044  IconName=linux comma=-1 size=5
25:833  0:044    Full=linux
25:888  0:055   Show badge as Drive.
25:956  0:068      Loader entry created for 'PciRoot(0x0)\Pci(0x17,0x0)\Sata(0x0,0xFFFF,0x0)\HD(1,GPT,06FB0163-59F8-46BA-9465-7DAA35F85887,0x3F,0x31FFF)\EFI\grub\grubx64.efi'
26:012  0:055          hiding entry: EFI\grub\grubx64.efi
26:062  0:049          AddLoaderEntry for Volume Name=EFI
26:106  0:044  IconName=unknown comma=-1 size=7
26:150  0:044    Full=unknown
26:195  0:044   Show badge as Drive.
26:240  0:045      Loader entry created for 'PciRoot(0x0)\Pci(0x17,0x0)\Sata(0x0,0xFFFF,0x0)\HD(1,GPT,06FB0163-59F8-46BA-9465-7DAA35F85887,0x3F,0x31FFF)\EFI\BOOT\BOOTX64.efi'
26:299  0:058          hiding entry: \EFI\BOOT\BOOTX64.efi
26:344  0:044  - [20]: 'Windows system'
26:433  0:089  - [21]: 'Unknown HD3'
26:522  0:088  - [22]: 'MyDocuments'
26:621  0:099  - [24]: 'EFI'
26:730  0:109          AddLoaderEntry for Volume Name=EFI
26:773  0:043  IconName=unknown comma=-1 size=7
26:818  0:044    Full=unknown
26:863  0:044   Show badge as Drive.
26:907  0:044      Loader entry created for 'PciRoot(0x0)\Pci(0x17,0x0)\Sata(0x2,0xFFFF,0x0)\HD(1,GPT,AC534245-86FB-4782-B5B3-DA79571E5827,0x28,0x64000)\EFI\BOOT\BOOTX64.efi'
26:966  0:058          hiding entry: \EFI\BOOT\BOOTX64.efi
27:011  0:044  - [26]: 'EFI'
27:130  0:119          AddLoaderEntry for Volume Name=EFI
27:174  0:043  IconName=unknown comma=-1 size=7
27:229  0:055    Full=unknown
27:274  0:045   Show badge as Drive.
27:319  0:044      Loader entry created for 'PciRoot(0x0)\Pci(0x17,0x0)\Sata(0x3,0xFFFF,0x0)\HD(1,GPT,BF815D74-B73F-410D-B6E2-5EF6184B821C,0x28,0x64000)\EFI\BOOT\BOOTX64.efi'
27:377  0:058          hiding entry: \EFI\BOOT\BOOTX64.efi
27:422  0:044  - [28]: 'Preboot'
27:515  0:093          AddLoaderEntry for Volume Name=Preboot
27:561  0:046      Check if volume Is Hibernated:
27:605  0:044      Check sleep image 'by signature':
27:650  0:044      using default sleep image name = \private\var\vm\sleepimage
27:694  0:044      sleepimage not found -> Not Found
27:738  0:044      hibernated: no - sign
27:783  0:044  IconName=bigsur,mac comma=6 size=10
27:851  0:068    first=os_bigsur
27:896  0:044   Show badge as Drive.
27:951  0:054      Loader entry created for 'PciRoot(0x0)\Pci(0x17,0x0)\Sata(0x2,0xFFFF,0x0)\HD(2,GPT,1107DA13-EFFF-452B-B2FC-335256BEF315,0x64028,0xDF30B60)\VenMedia(BE74FCF7-0B7C-49F3-9147-01F4042E6842,D6ACA599D65B3D4AB6384380D7E92DE5)\49C7F22C-2D7D-4AD3-8A77-A4C63A3E1EF4\System\Library\CoreServices\boot.efi'
28:002  0:050          AddLoaderEntry for Volume Name=Preboot
28:058  0:055  IconName=mac comma=-1 size=3
28:116  0:058    Full=mac
28:161  0:044   Show badge as Drive.
28:205  0:044      Loader entry created for 'PciRoot(0x0)\Pci(0x17,0x0)\Sata(0x2,0xFFFF,0x0)\HD(2,GPT,1107DA13-EFFF-452B-B2FC-335256BEF315,0x64028,0xDF30B60)\VenMedia(BE74FCF7-0B7C-49F3-9147-01F4042E6842,D6ACA599D65B3D4AB6384380D7E92DE5)\49C7F22C-2D7D-4AD3-8A77-A4C63A3E1EF4\com.apple.installer\boot.efi'
28:254  0:048  - [29]: 'BigSurDevBeta7 - Data'
28:348  0:093  - [30]: 'Recovery'
28:437  0:089  - [31]: 'VM'
28:550  0:112  - [32]: 'BigSurDevBeta7'
28:660  0:110          AddLoaderEntry for Volume Name=BigSurDevBeta7
28:709  0:049      Check if volume Is Hibernated:
28:753  0:044      Check sleep image 'by signature':
28:798  0:044      using default sleep image name = \private\var\vm\sleepimage
28:842  0:044      sleepimage not found -> Not Found
28:887  0:044      hibernated: no - sign
28:931  0:044  IconName=bigsur,mac comma=6 size=10
28:975  0:044    first=os_bigsur
29:020  0:045   Show badge as Drive.
29:078  0:058      Loader entry created for 'PciRoot(0x0)\Pci(0x17,0x0)\Sata(0x2,0xFFFF,0x0)\HD(2,GPT,1107DA13-EFFF-452B-B2FC-335256BEF315,0x64028,0xDF30B60)\VenMedia(BE74FCF7-0B7C-49F3-9147-01F4042E6842,34CFDC2ABFE2C64F97BCCEB226C5D176)\System\Library\CoreServices\boot.efi'
29:128  0:049  - [33]: 'Update'
29:228  0:099  - [34]: 'Preboot'
29:328  0:100          AddLoaderEntry for Volume Name=Preboot
29:373  0:045      Check if volume Is Hibernated:
29:418  0:044      Check sleep image 'by signature':
29:476  0:058      using default sleep image name = \private\var\vm\sleepimage
29:520  0:044      sleepimage not found -> Not Found
29:565  0:044      hibernated: no - sign
29:609  0:044  IconName=cata,mac comma=4 size=8
29:653  0:044    first=os_cata
29:698  0:044   Show badge as Drive.
29:743  0:044      Loader entry created for 'PciRoot(0x0)\Pci(0x17,0x0)\Sata(0x3,0xFFFF,0x0)\HD(2,GPT,349784E1-4DC3-4C53-938C-12E3974F96F7,0x64028,0xDEF0B60)\VenMedia(BE74FCF7-0B7C-49F3-9147-01F4042E6842,533A846102CF3A4594ECAB9EB33CE192)\3E8AC83B-0D2E-4A5F-8C9F-69C76ACBE3D7\System\Library\CoreServices\boot.efi'
29:816  0:073  - [35]: 'Catalina - Data'
29:906  0:090  - [36]: 'Recovery'
30:006  0:099          AddLoaderEntry for Volume Name=Recovery
30:052  0:046  IconName=cata,mac comma=4 size=8
30:107  0:054    first=os_cata
30:152  0:044   Show badge as Drive.
30:197  0:044      Loader entry created for 'PciRoot(0x0)\Pci(0x17,0x0)\Sata(0x3,0xFFFF,0x0)\HD(2,GPT,349784E1-4DC3-4C53-938C-12E3974F96F7,0x64028,0xDEF0B60)\VenMedia(BE74FCF7-0B7C-49F3-9147-01F4042E6842,A76528BFFF1481469A7EC3B56707FB4D)\3E8AC83B-0D2E-4A5F-8C9F-69C76ACBE3D7\boot.efi'
30:259  0:062  - [37]: 'VM'
30:348  0:088  - [38]: 'Catalina'
30:463  0:114          AddLoaderEntry for Volume Name=Catalina
30:512  0:049      Check if volume Is Hibernated:
30:556  0:044      Check sleep image 'by signature':
30:601  0:044      using default sleep image name = \private\var\vm\sleepimage
30:646  0:044      sleepimage not found -> Not Found
30:690  0:044      hibernated: no - sign
30:748  0:057  IconName=cata,mac comma=4 size=8
30:792  0:044    first=os_cata
30:837  0:044   Show badge as Drive.
30:882  0:044      Loader entry created for 'PciRoot(0x0)\Pci(0x17,0x0)\Sata(0x3,0xFFFF,0x0)\HD(2,GPT,349784E1-4DC3-4C53-938C-12E3974F96F7,0x64028,0xDEF0B60)\VenMedia(BE74FCF7-0B7C-49F3-9147-01F4042E6842,3BC88A3E2E0D5F4A8C9F69C76ACBE3D7)\System\Library\CoreServices\boot.efi'
30:930  0:048  === [ AddCustomTool ] ===========================
30:981  0:050  === [ GetEfiBootDeviceFromNvram ] ===============
31:040  0:058   - found entry 0. 'Boot Microsoft EFI Boot from EFI', Volume 'EFI', DevicePath 'PciRoot(0x0)\Pci(0x17,0x0)\Sata(0x0,0xFFFF,0x0)\HD(1,GPT,06FB0163-59F8-46BA-9465-7DAA35F85887,0x3F,0x31FFF)\EFI\microsoft\Boot\bootmgfw.efi'
31:095  0:055  BannerPlace at Clear Screen [0,0]
31:220  0:124  AnimeRun=0
31:283  0:063  GUI ready
34:194  2:910  BootVariable of the entry is empty
34:237  0:043  === [ StartLoader11 ] ===========================
34:283  0:045  Finally: ExternalClock=25MHz BusSpeed=99765kHz CPUFreq=3192MHz PIS: hw.busfrequency=100000000Hz
34:385  0:102  Filtering KextPatches:
34:430  0:044   - [00]: IOAHCIBlockStorage (TRIM Enabler) :: BinPatch :: [OS: 11.0 | MatchOS: All | MatchBuild: All] ==> allowed
34:518  0:088   - [01]: PioneerSuperDrive (PioneerBD-RW No Sleep) :: BinPatch :: [OS: 11.0 | MatchOS: All | MatchBuild: All] ==> allowed
34:607  0:089   - [02]: AppleAHCIPort (External icons patch) :: BinPatch :: [OS: 11.0 | MatchOS: All | MatchBuild: All] ==> allowed
34:720  0:113  === [ PatchSmbios ] =============================
34:765  0:044  insert table 9 for dev 0:0
34:809  0:044  insert table 9 for dev 0:1
34:853  0:044  insert table 9 for dev 0:0
34:898  0:044  Table 11 present, but rewritten for us
34:946  0:047  Trusting SMBIOS...
35:001  0:054  Channels: 2
35:045  0:044  Interleave: 0 2 1 3 4 6 5 7 8 10 9 11 12 14 13 15 16 18 17 19 20 22 21 23
36:228  1:182  SMBIOS Type 17 Index = 0 => 0 0:
36:273  0:045  BANK 0 DIMM0 EMPTY
36:331  0:057  SMBIOS Type 17 Index = 1 => 2 2:
36:375  0:044  BANK 1 DIMM0 EMPTY
36:420  0:044  trusted SMBIOS data:
36:464  0:044  SmbiosTable.Type17->Vendor = CRUCIAL
36:509  0:044  SmbiosTable.Type17->SerialNumber = E124B2C2
36:564  0:054  SmbiosTable.Type17->PartNumber = CT8G4DFS8266.C8FD1  
36:608  0:044   partNum=CT8G4DFS8266.C8FD1  
36:652  0:044  SPD data in use:
36:697  0:044  SmbiosTable.Type17->Vendor = Crucial Technology
36:741  0:044  SmbiosTable.Type17->SerialNumber = E124B2C2
36:799  0:058  SmbiosTable.Type17->PartNumber = CT8G4DFS8266.C8FD1
36:844  0:044  SMBIOS Type 17 Index = 2 => 1 1:
36:888  0:044  BANK 0 DIMM1 2666MHz 8192MB(Ext:0MB)
36:943  0:054  trusted SMBIOS data:
36:988  0:044  SmbiosTable.Type17->Vendor = CRUCIAL
37:043  0:054  SmbiosTable.Type17->SerialNumber = E124B2C4
37:087  0:044  SmbiosTable.Type17->PartNumber = CT8G4DFS8266.C8FD1  
37:131  0:044   partNum=CT8G4DFS8266.C8FD1  
37:176  0:044  SPD data in use:
37:231  0:055  SmbiosTable.Type17->Vendor = Crucial Technology
37:289  0:058  SmbiosTable.Type17->SerialNumber = E124B2C4
37:333  0:044  SmbiosTable.Type17->PartNumber = CT8G4DFS8266.C8FD1
37:378  0:044  SMBIOS Type 17 Index = 3 => 3 3:
37:422  0:044  BANK 1 DIMM1 2666MHz 8192MB(Ext:0MB)
37:467  0:044  mTotalSystemMemory = 16384
37:511  0:044  NumberOfMemoryDevices = 4
37:556  0:044  Type20[0]->End = 0x7FFFFF, Type17[2] = 2000
37:600  0:044  Type20[1]->End = 0xFFFFFF, Type17[3] = 6000
37:645  0:044  Table 131 is present, CPUType=35
37:703  0:058  Change to: 709
37:747  0:044  === [ PatchACPI ] ===============================
37:802  0:054  Xsdt reallocation done
37:846  0:044  old FADT length=114
37:890  0:044   SignatureFixup: 0x69A3259B -> 0x0
37:939  0:048  Apply DsdtFixMask=0x0006005C
37:982  0:043  === [ FixBiosDsdt ] =============================
38:027  0:044  Patching DSDT:
38:071  0:044   - [change XHC1 to XHC]: pattern 58484331, bin not found / already patched!
38:205  0:133   - [change SAT0 to SATA]: pattern 53415430, patched at: [ (97F) ]
38:452  0:246   - [change XHCI to XHC]: pattern 58484349, patched at: [ (13186) ]
38:674  0:222    0 replacements
38:720  0:046  found RTC Length not match, Maybe will cause CMOS reset, will patch it.
38:765  0:044  found RTC had IRQNoFlag will move -3 bytes
38:820  0:055  found PIC had IRQNoFlag will move -3 bytes
38:869  0:048  Start HPET Fix
38:953  0:084  PreCleanup XSDT: count=21, length=204
38:997  0:043  PreCleanup XSDT, corrected XSDT: count=21, length=204
39:052  0:055  === [ ACPIDropTables ] ==========================
39:121  0:069  Patching SSDTs: 3 patches each
39:166  0:044   pattern 58484331, bin not found / already patched!
39:254  0:088   pattern 53415430, bin not found / already patched!
39:343  0:088   pattern 58484349, bin not found / already patched!
39:431  0:088    0 replacements
39:476  0:044  Found OperationRegion(PNVS, SystemMemory, 7ADD2000, ...)
39:520  0:044  Patching SSDTs: 3 patches each
39:565  0:044   pattern 58484331, bin not found / already patched!
39:667  0:102   pattern 53415430, bin not found / already patched!
39:766  0:099   pattern 58484349, bin not found / already patched!
39:855  0:088    0 replacements
39:899  0:044  Found OperationRegion(SANV, SystemMemory, 7A428118, ...)
39:944  0:044  Patching SSDTs: 3 patches each
39:988  0:044   pattern 58484331, bin not found / already patched!
40:078  0:089   pattern 53415430, bin not found / already patched!
40:166  0:088   pattern 58484349, bin not found / already patched!
40:256  0:089    0 replacements
40:314  0:058  Patching SSDTs: 3 patches each
40:369  0:054   pattern 58484331, bin not found / already patched!
40:458  0:088   pattern 53415430, bin not found / already patched!
40:546  0:088   pattern 58484349, bin not found / already patched!
40:635  0:088    0 replacements
40:679  0:044  Patching SSDTs: 3 patches each
40:724  0:044   pattern 58484331, bin not found / already patched!
40:812  0:088   pattern 53415430, bin not found / already patched!
40:911  0:099   pattern 58484349, bin not found / already patched!
41:035  0:123    0 replacements
41:079  0:044  Patching SSDTs: 3 patches each
41:124  0:044   pattern 58484331, bin not found / already patched!
41:212  0:088   pattern 53415430, bin not found / already patched!
41:301  0:088   pattern 58484349, bin not found / already patched!
41:390  0:088    0 replacements
41:434  0:044  Patching SSDTs: 3 patches each
41:479  0:044   pattern 58484331, bin not found / already patched!
41:567  0:088   pattern 53415430, bin not found / already patched!
41:680  0:113   pattern 58484349, bin not found / already patched!
41:769  0:088    0 replacements
41:813  0:044  Patching SSDTs: 3 patches each
41:858  0:044   pattern 58484331, bin not found / already patched!
41:947  0:089   pattern 53415430, bin not found / already patched!
42:036  0:089   pattern 58484349, bin not found / already patched!
42:125  0:088    0 replacements
42:169  0:044  Found OperationRegion(ADHD, SystemMemory, 78BD6000, ...)
42:214  0:044  Found OperationRegion(ABLK, SystemMemory, 78BD6020, ...)
42:282  0:068  === [ ACPIPatchedAML ] ==========================
42:327  0:044  Unsorted
42:371  0:044  Inserting SSDT-PMC.aml from EFI\CLOVER\ACPI\patched: size=143 ... Success
42:504  0:132  Inserting SSDT-EC-USBX.aml from EFI\CLOVER\ACPI\patched: size=278 ... Success
42:637  0:133  Inserting SSDT-PLUG.aml from EFI\CLOVER\ACPI\patched: size=765 ... Success
42:770  0:133  Inserting SSDT-AWAC.aml from EFI\CLOVER\ACPI\patched: size=71 ... Success
42:938  0:167  ApicCPUNum=1
42:992  0:054  Cleanup XSDT: count=25, length=236
43:037  0:044  corrected XSDT count=25, length=236
43:081  0:044  === [ RestSetup macOS ] =========================
43:126  0:044  ATI injection not set
43:170  0:044  Intel GFX injection not set
43:215  0:044   RCBA disabled; cannot use it
43:259  0:044   setting specified layout-id=7 (0x7)
43:304  0:044  stringlength = 972
43:348  0:044  CurrentMode: Width=1920 Height=1200
43:407  0:059  Use origin smbios table type 1 guid.
43:468  0:060  Beginning OC
43:523  0:054  OCCPU: TSC Adjust 0
43:567  0:044  OCCPU: Known Model Core Crystal Clock Frequency    24000000Hz
43:612  0:044  OCCPU: CPUFrequencyFromART  3192000000Hz  3192MHz = 24000000 * 266 / 2
43:656  0:044  OCFS: Trying to locate filesystem on 75E74F98 762A0D98
43:701  0:044  OCFS: Filesystem DP is \EFI\BOOT\BOOTX64.EFI
43:745  0:044  OCST: Missing vault data, ignoring...
43:790  0:044  UniOSVersion == 11.0
43:834  0:044  UniShortOSVersion == 11.0
43:881  0:047  GetOtherKextsDir(TRUE) return NULL
43:943  0:061  GetOtherKextsDir(FALSE) return NULL
43:987  0:044  AddKextsInArray from EFI\CLOVER\kexts\11
44:032  0:044  ->Extra kext: EFI\CLOVER\kexts\11\Lilu.kext (v.1.4.8)
44:076  0:044  ->Extra kext: EFI\CLOVER\kexts\11\AppleALC.kext (v.1.5.3)
44:120  0:044  ->Extra kext: EFI\CLOVER\kexts\11\SMCSuperIO.kext (v.1.1.7)
44:175  0:055  ->Extra kext: EFI\CLOVER\kexts\11\WhateverGreen.kext (v.1.4.3)
44:220  0:044  ->Extra kext: EFI\CLOVER\kexts\11\RealtekRTL8111.kext (v.2.3.0)
44:278  0:058  ->Extra kext: EFI\CLOVER\kexts\11\SMCProcessor.kext (v.1.1.7)
44:322  0:044  ->Extra kext: EFI\CLOVER\kexts\11\USBMap.kext (v.1.0)
44:367  0:044  ->Extra kext: EFI\CLOVER\kexts\11\VirtualSMC.kext (v.1.1.7)
44:411  0:044  AddKextsInArray from EFI\CLOVER\kexts\11_normal
44:456  0:044  AddKextsInArray from EFI\CLOVER\kexts\11.0
44:500  0:044  AddKextsInArray from EFI\CLOVER\kexts\11.0_normal
44:545  0:044  AddKextsInArray from EFI\CLOVER\kexts\11.0.0
44:589  0:044  AddKextsInArray from EFI\CLOVER\kexts\11.0.0_normal
44:647  0:058  Bridge kext to OC : Path=Lilu.kext
44:692  0:044  Bridge kext to OC : Path=VirtualSMC.kext
44:736  0:044  Bridge kext to OC : Path=WhateverGreen.kext
44:791  0:055  Bridge kext to OC : Path=AppleALC.kext
44:835  0:044  Bridge kext to OC : Path=SMCProcessor.kext
44:890  0:054  Bridge kext to OC : Path=SMCSuperIO.kext
44:935  0:044  Bridge kext to OC : Path=RealtekRTL8111.kext
44:989  0:054  Bridge kext to OC : Path=USBMap.kext
45:034  0:044  Bridge kext patch to OC : IOAHCIBlockStorage (TRIM Enabler)
45:092  0:058  Bridge kext patch to OC : PioneerSuperDrive (PioneerBD-RW No Sleep)
45:137  0:044  Bridge kext patch to OC : AppleAHCIPort (External icons patch)
45:181  0:044  OC: OcMiscEarlyInit...
45:226  0:044  OC: Watchdog status is 1
45:270  0:044  OC: OpenCore DBG-061-2020-09-21 is loading in Optional mode (0/0)...
45:315  0:044  OC: Boot timestamp - 2020.09.21 18:34:23
45:359  0:044  OCCPU: MP services threads 12 (enabled 12) - Success
45:428  0:068  OCCPU: MP services Pkg 1 Cores 6 Threads 2 - Success
45:472  0:044  OCCPU: Found Intel(R) Core(TM) i7-8700 CPU @ 3.20GHz
45:517  0:044  OCCPU: Signature 906EA Stepping A Model 9E Family 6 Type 0 ExtModel 9 ExtFamily 0 uCode CC
45:561  0:044  OCCPU: EIST CFG Lock 0
45:606  0:044  OCCPU: Discovered CpuFamily 6 CpuModel 158 CpuStepping 10 CpuGeneration 10
45:650  0:044  OCCPU: Ratio Min 8 Max 32 Current 32 Turbo 46 45 44 43
45:695  0:044  OCCPU: TSC Adjust 0
45:739  0:044  OCCPU: Known Model Core Crystal Clock Frequency    24000000Hz
45:797  0:058  OCCPU: CPUFrequencyFromART  3192000000Hz  3192MHz = 24000000 * 266 / 2
45:842  0:044  OCCPU: Timer address is 0 from Unknown INTEL
45:886  0:044  TscFrequency 0
45:931  0:044  OCCPU: Detected Apple Processor Type: 07 -> 0709
45:975  0:044  OCCPU: CPUFrequencyFromTSC           0Hz     0MHz
46:030  0:055  OCCPU: CPUFrequency  3192000000Hz  3192MHz
46:075  0:044  OCCPU: FSBFrequency    99750000Hz    99MHz
46:119  0:044  OCCPU: Pkg 1 Cores 6 Threads 12
46:177  0:058  OC: OcLoadNvramSupport...
46:222  0:044  OC: Current version is DBG-061-2020-09-21
46:266  0:044  OC: OcMiscMiddleInit...
46:311  0:044  OC: LoadHandle 0 with BootProtect in  mode - Unsupported
46:356  0:045  OC: OcLoadUefiSupport...
46:401  0:044  OcAppleEventInstallProtocol
46:445  0:044  InternalCreateQueueEvent
46:490  0:044  EventCreateSimplePointerInstallNotifyEvent
46:534  0:044  InternalSimplePointerInstallNotifyFunction
46:579  0:044  InternalRegisterSimplePointerInterface
46:647  0:068  InternalRegisterSimplePointerInterface
46:691  0:044  OcOSInfoInstallProtocol
46:736  0:044  OCRTC: OcAppleRtcRamInstallProtocol
46:780  0:044  OCRTC: Wake log is 0x35 0x81  164 0x6A
46:825  0:044  OcAppleFbInfoInstallProtocol
46:880  0:054  OC: Loading Apple Secure Boot with Disabled (level 0)
46:926  0:045  OCABC: RTDFRG 1 DEVMMIO 1 NOSU 0 NOVRWR 0 NOSB 0 NOHBMAP 0 SMSLIDE 1 WRUNPROT 1
46:981  0:055  OCABC: FEXITBS 0 PRMRG 0 CSLIDE 1 MSLIDE 0 PRSRV 0 RBMAP 1 VMAP 1 APPLOS 0 RTPERMS 1
47:039  0:058  OCABC: Firmware has 4063998 free pages (402174 in lower 4 GB)
47:083  0:044  OCABC: Got rendezvous with OpenRuntime r11
47:128  0:044  OCABC: MAT support is 1
47:172  0:044  OC: RBVR 0 DDBR 0
47:219  0:046  OC: Got 0 drivers
47:274  0:055  OCC: Installing GOP (Unsupported) on ConsoleOutHandle...
47:319  0:044  OC: Requested resolution is 0x0@0 (max: 1) from Max
47:364  0:044  OCC: Requesting 0x0@0 (max: 1) resolution, curr 0, total 11
47:408  0:044  OCC: Mode 0 - 1920x1200:1
47:466  0:057  OCC: Mode 1 - 640x480:1
47:510  0:044  OCC: Mode 2 - 800x600:1
47:555  0:044  OCC: Mode 3 - 1024x768:1
47:599  0:044  OCC: Mode 4 - 1280x1024:1
47:643  0:044  OCC: Mode 5 - 1400x1050:1
47:688  0:044  OCC: Mode 6 - 1600x1200:1
47:732  0:044  OCC: Mode 7 - 1280x960:1
47:776  0:044  OCC: Mode 8 - 1920x1080:1
47:821  0:044  OCC: Mode 9 - 1366x768:1
47:865  0:044  OCC: Mode 10 - 1280x720:1
47:920  0:054  OCC: Current mode matches desired mode 0
47:964  0:044  OC: Changed resolution to 0x0@0 (max: 1) from Max - Already started
48:023  0:058  OCC: Using builtin text renderer with 1 scale
48:075  0:051  OCC: Install console control (6240E9D0/0/0), current - Success
48:119  0:044  OCC: Setup ASCII Output - Success
48:163  0:044  OC: Requested console mode is 0x0 (max: 0) from 
48:208  0:044  OC: Requested not to use audio
48:253  0:044  OC: OcLoadAcpiSupport...
48:297  0:044  OCA: Found ACPI 2.0 RSDP table 79F3F000
48:341  0:044  OCA: Found ACPI RSDT table 0OCA: Found ACPI XSDT table 79F3D000OCA: Found 25 ACPI tables
48:488  0:146  OCA: Detected table 50434146 (00002049204D2041) at 79F3C000 of 244 bytes at index 0
48:543  0:055  OCA: Detected table 43495041 (00002049204D2041) at 79F7F960 of 244 bytes at index 1
48:588  0:044  OCA: Detected table 54445046 (00002049204D2041) at 79F7FA58 of 68 bytes at index 2
48:632  0:044  OCA: Detected table 54444946 (00000049204D2041) at 79F7FAA0 of 156 bytes at index 3
48:677  0:044  OCA: Detected table 4746434D (00002049204D2041) at 79F7FB40 of 60 bytes at index 4
48:735  0:058  OCA: Detected table 544D5357 (00002049204D2041) at 79F9D4C0 of 40 bytes at index 5
48:780  0:044  OCA: Detected table 54445353 (0074647353757043) at 79F39000 of 6940 bytes at index 6
48:824  0:044  OCA: Detected table 54445353 (0020746473536153) at 79F34000 of 12441 bytes at index 7
48:879  0:055  OCA: Detected table 54445353 (0074647353676550) at 79F30000 of 9003 bytes at index 8
48:924  0:044  OCA: Detected table 54455048 (00002049204D2041) at 79F86AC8 of 56 bytes at index 9
49:004  0:080  OCA: Detected table 54445353 (7076525F72656854) at 79F2E000 of 4014 bytes at index 10
49:049  0:044  OCA: Detected table 54445353 (34647366635F6878) at 79F2A000 of 12239 bytes at index 11
49:093  0:044  OCA: Detected table 49464555 (00002049204D2041) at 79F8AA80 of 66 bytes at index 12
49:148  0:054  OCA: Detected table 5449504C (00002049204D2041) at 79F8AAC8 of 148 bytes at index 13
49:193  0:044  OCA: Detected table 54445353 (6376654464697450) at 79F26000 of 10206 bytes at index 14
49:251  0:058  OCA: Detected table 54445353 (4365707954746254) at 621DC000 of 5346 bytes at index 15
49:296  0:044  OCA: Detected table 50474244 (00002049204D2041) at 79F8E828 of 52 bytes at index 16
49:340  0:044  OCA: Detected table 32474244 (00002049204D2041) at 79F8E860 of 84 bytes at index 17
49:385  0:044  OCA: Detected table 54445353 (6C62615462654441) at 621DA000 of 324 bytes at index 18
49:430  0:044  OCA: Detected table 54434656 (00002049204D2041) at 79F8EA00 of 60036 bytes at index 19
49:488  0:058  OCA: Detected table 54524742 (00002049204D2041) at 79F9D488 of 56 bytes at index 20
49:532  0:044  OCA: Detected table 54445353 (0000000052434D50) at 79F25000 of 143 bytes at index 21
49:577  0:044  OCA: Detected table 54445353 (0000434574647353) at 621D9000 of 278 bytes at index 22
49:622  0:044  OCA: Detected table 54445353 (0067756C50757043) at 621D8000 of 765 bytes at index 23
49:666  0:044  OCA: Detected table 54445353 (0043415741435452) at 621D7000 of 71 bytes at index 24
49:724  0:058  OCA: FACS signature is 0 (0)
49:779  0:054  OCA: Exposing XSDT table 50434146 (00002049204D2041) at 79F3C000 of 244 bytes at index 0
49:824  0:044  OCA: Exposing XSDT table 43495041 (00002049204D2041) at 79F7F960 of 244 bytes at index 1
49:868  0:044  OCA: Exposing XSDT table 54445046 (00002049204D2041) at 79F7FA58 of 68 bytes at index 2
49:913  0:044  OCA: Exposing XSDT table 54444946 (00000049204D2041) at 79F7FAA0 of 156 bytes at index 3
49:958  0:044  OCA: Exposing XSDT table 4746434D (00002049204D2041) at 79F7FB40 of 60 bytes at index 4
50:016  0:058  OCA: Exposing XSDT table 544D5357 (00002049204D2041) at 79F9D4C0 of 40 bytes at index 5
50:061  0:044  OCA: Exposing XSDT table 54445353 (0074647353757043) at 79F39000 of 6940 bytes at index 6
50:105  0:044  OCA: Exposing XSDT table 54445353 (0020746473536153) at 79F34000 of 12441 bytes at index 7
50:150  0:044  OCA: Exposing XSDT table 54445353 (0074647353676550) at 79F30000 of 9003 bytes at index 8
50:195  0:044  OCA: Exposing XSDT table 54455048 (00002049204D2041) at 79F86AC8 of 56 bytes at index 9
50:253  0:058  OCA: Exposing XSDT table 54445353 (7076525F72656854) at 79F2E000 of 4014 bytes at index 10
50:298  0:044  OCA: Exposing XSDT table 54445353 (34647366635F6878) at 79F2A000 of 12239 bytes at index 11
50:342  0:044  OCA: Exposing XSDT table 49464555 (00002049204D2041) at 79F8AA80 of 66 bytes at index 12
50:397  0:055  OCA: Exposing XSDT table 5449504C (00002049204D2041) at 79F8AAC8 of 148 bytes at index 13
50:442  0:044  OCA: Exposing XSDT table 54445353 (6376654464697450) at 79F26000 of 10206 bytes at index 14
50:500  0:058  OCA: Exposing XSDT table 54445353 (4365707954746254) at 621DC000 of 5346 bytes at index 15
50:545  0:044  OCA: Exposing XSDT table 50474244 (00002049204D2041) at 79F8E828 of 52 bytes at index 16
50:589  0:044  OCA: Exposing XSDT table 32474244 (00002049204D2041) at 79F8E860 of 84 bytes at index 17
50:634  0:044  OCA: Exposing XSDT table 54445353 (6C62615462654441) at 621DA000 of 324 bytes at index 18
50:692  0:058  OCA: Exposing XSDT table 54434656 (00002049204D2041) at 79F8EA00 of 60036 bytes at index 19
50:737  0:044  OCA: Exposing XSDT table 54524742 (00002049204D2041) at 79F9D488 of 56 bytes at index 20
50:782  0:044  OCA: Exposing XSDT table 54445353 (0000000052434D50) at 79F25000 of 143 bytes at index 21
50:826  0:044  OCA: Exposing XSDT table 54445353 (0000434574647353) at 621D9000 of 278 bytes at index 22
50:871  0:044  OCA: Exposing XSDT table 54445353 (0067756C50757043) at 621D8000 of 765 bytes at index 23
50:940  0:068  OCA: Exposing XSDT table 54445353 (0043415741435452) at 621D7000 of 71 bytes at index 24
50:995  0:055  OC: OcLoadPlatformSupport...
51:050  0:054  OC: OcLoadDevPropsSupport...
51:094  0:044  OC: OcMiscLateInit...
51:139  0:044  OC: Invalid HibernateMode: 
51:183  0:044  OC: Translated HibernateMode  to 0
51:227  0:044  OC: Hibernation detection status is Not Found
51:272  0:044  OC: Panic log does not exist
51:317  0:044  OC: OcLoadKernelSupport...
51:375  0:058  OC: All green, starting boot management...
51:419  0:044  DevicePAth = PciRoot(0x0)/Pci(0x17,0x0)/Sata(0x2,0xFFFF,0x0)/HD(2,GPT,1107DA13-EFFF-452B-B2FC-335256BEF315,0x64028,0xDF30B60)/VenMedia(BE74FCF7-0B7C-49F3-9147-01F4042E6842,34CFDC2ABFE2C64F97BCCEB226C5D176)/\System\Library\CoreServices\boot.efi
51:467  0:047  OCB: Arch filtering 6FF50018(641592)->6FF50018(641592) caps 4 - Success
51:512  0:044  OCABC: VMware Mac installed on 6FFF1818 - Success
51:558  0:045  OCABC: Found first 0 at off AC18
51:626  0:068  OCABC: Found second at off AC29
51:671  0:044  OCABC: Trying next match...
51:715  0:044  OCABC: Found first 0 at off ADE5
51:759  0:044  OCABC: Found second at off ADF6
51:804  0:044  OCABC: Trying next match...
51:852  0:047  OCABC: Found first 0 at off 2C422
51:896  0:044  OCABC: Found second at off 2C433
51:941  0:044  OCABC: Trying next match...
51:985  0:044  OCABC: Found first 0 at off 2C48E
52:030  0:044  OCABC: Found second at off 2C49F
52:074  0:044  OCABC: Trying next match...
52:145  0:070  OCABC: Found first 0 at off 9DFED
52:188  0:043  OCABC: Failed to find first BOOT_MODE_SAFE | BOOT_MODE_ASLR sequence
52:243  0:055  OC: Supported boot capabilities 4
52:288  0:044  OCABC: MMIO devirt start
52:332  0:044  OCABC: MMIO devirt 0xE0000000 (0x10000 pages, 0x800000000000100D) skip 0
52:377  0:044  OCABC: MMIO devirt 0xFE000000 (0x11 pages, 0x8000000000000001) skip 0
52:421  0:044  OCABC: MMIO devirt 0xFEC00000 (0x1 pages, 0x800000000000100D) skip 0
52:466  0:044  OCABC: MMIO devirt 0xFED00000 (0x4 pages, 0x800000000000100D) skip 0
52:524  0:058  OCABC: MMIO devirt 0xFEE00000 (0x1 pages, 0x8000000000000001) skip 0
52:569  0:045  OCABC: MMIO devirt 0xFF000000 (0x1000 pages, 0x800000000000100D) skip 0
52:613  0:044  OCABC: MMIO devirt end, saved 278620 KB
52:658  0:044  OCCPU: Discovered CpuFamily 6 CpuModel 158 CpuStepping 10 CpuGeneration 10
52:702  0:044  OCABC: All slides are usable! You can disable ProvideCustomSlide!
52:862  0:159  OCOS: OS set: <null> macOS 11.0
52:918  0:056  OCOS: OS set: Apple Inc. macOS 11.0
52:973  0:054  OCOS: Should use black background
53:129  0:155  OC: Opening file System\Library\Kernels\kernel with 1 mode gave - Access Denied
53:183  0:053  Getting file info 900C7693-8C14-58BA-B44E-974515D27C78 with now BufferSize 40 mode gave - Success
53:228  0:045  Getting file info 900C7693-8C14-58BA-B44E-974515D27C78 with now BufferSize 40 mode gave - Success
53:283  0:055  OC: Opening file \System\Library\CoreServices with 1 mode gave - Success
53:341  0:058  OC: Opening file EncryptedRoot.plist.wipekey with 1 mode gave - Not Found
53:399  0:057  OC: Opening file \System\Library\CoreServices\com.apple.Boot.plist with 1 mode gave - Not Found
53:465  0:065  OC: Opening file Library\Preferences\SystemConfiguration\com.apple.Boot.plist with 1 mode gave - Not Found
53:554  0:089  OC: Opening file \System\Library\CoreServices\PlatformSupport.plist with 1 mode gave - Success
53:597  0:043  Getting file info 09576E92-6D3F-11D2-8E39-00A0C969723B with now BufferSize 124 mode gave - Success
53:656  0:058  Got file size 4114
53:719  0:063  OC: Opening file \System\Library\CoreServices\boot.efi with 1 mode gave - Success
53:762  0:043  Getting file info 09576E92-6D3F-11D2-8E39-00A0C969723B with now BufferSize 98 mode gave - Success
53:818  0:055  Got file size 641592
53:897  0:079  Getting file info 09576E92-6D3F-11D2-8E39-00A0C969723B with now BufferSize 82 mode gave - Success
53:940  0:043  Got file size 1000
53:988  0:047  OC: Opening file System\Library\KernelCollections\BootKernelExtensions.kc.development with 1 mode gave - Not Found
54:071  0:083  Getting file info 09576E92-6D3F-11D2-8E39-00A0C969723B with now BufferSize 82 mode gave - Success
54:115  0:043  Got file size 1000
54:159  0:044  OC: Opening file System\Library\KernelCollections\BootKernelExtensions.kc with 1 mode gave - Success
54:346  0:186  OC: Image Kexts\11\USBMap.kext\Contents\MacOS\USBMap is missing for kext 11\USBMap.kext ()
54:393  0:047  OC: Kext reservation size info 554000 exe 33E000
54:451  0:058  OC: Trying 64-bit XNU hook on System\Library\KernelCollections\BootKernelExtensions.kc
54:497  0:046  OCAK: Found 64-bit Mach-O compressed 0 offset 0 size 0
54:542  0:044  OCAK: Determined kernel size is 64978944 bytes
54:702  0:159  OC: Result of 64-bit XNU hook on System\Library\KernelCollections\BootKernelExtensions.kc (00000000) is Success
54:797  0:095  OCAK: Read kernel version 20.1.0 (200100)
54:840  0:043  OC: Kernel patch [0] IOAHCIBlockStorage (TRIM Enabler)
55:264  0:424  OCAK: IOAHCIBlockStorage (TRIM Enabler) replace count - 1
55:308  0:043  OC: Kernel patcher result 0 for kernel (IOAHCIBlockStorage (TRIM Enabler)) - Success
55:352  0:044  OC: Kernel patch [1] PioneerSuperDrive (PioneerBD-RW No Sleep)
55:680  0:328  OCAK: PioneerSuperDrive (PioneerBD-RW No Sleep) replace count - 1
55:723  0:043  OC: Kernel patcher result 1 for kernel (PioneerSuperDrive (PioneerBD-RW No Sleep)) - Success
55:768  0:044  OC: Kernel patch [2] AppleAHCIPort (External icons patch)
56:108  0:339  OCAK: AppleAHCIPort (External icons patch) replace count - 1509
56:151  0:043  OC: Kernel patcher result 2 for kernel (AppleAHCIPort (External icons patch)) - Success
56:201  0:050  OCAK: Replacing _xcpm_core_scope_msrs data 226 76
56:246  0:045  OCAK: Replacing _xcpm_core_scope_msrs data 226 406416
56:291  0:044  OCAK: Replacing _xcpm_core_scope_msrs data 226 16384
56:345  0:054  OCAK: Not matching _xcpm_core_scope_msrs data 46 422876
56:394  0:048  OCAK: XcpmCfgLockRel replace count - 2
56:513  0:119  OCAK: PanicKextDump replace count - 1
56:557  0:043  OCAK: Patch success kext dump
56:646  0:089  OCAK: PowerStateTimeout replace count - 1
56:700  0:053  OCAK: Patch success power state
56:749  0:049  OCAK: CurrFreeCall E8 57 3B A5 FF FFA53B57
56:804  0:055  OCAK: CurrFreeCall E8 1B 3B A5 FF FFA53B1B
56:849  0:044  OCAK: CurrFreeCall E8 9C 38 A5 FF FFA5389C
56:893  0:044  OCAK: Found jettisoning fileset
57:049  0:155  OCAK: as.vit9696.Lilu got KXLD 0 0
57:092  0:043  OCAK: Requesting __LINKEDIT for as.vit9696.Lilu - 616A5438 at 3DF9000
57:151  0:058  OCAK: Requesting SymbolTable for as.vit9696.Lilu - 1347
57:206  0:054  OCAK: Requesting __LINKEDIT for __kernel__ - 5D8B4550 at 0
57:250  0:044  OCAK: Requesting SymbolTable for __kernel__ - 24768
57:328  0:077  OCAK: Ignoring KPI com.apple.kpi.bsd for kext as.vit9696.Lilu in KC/state mode
57:371  0:043  OCAK: Ignoring KPI com.apple.kpi.dsep for kext as.vit9696.Lilu in KC/state mode
57:416  0:044  OCAK: Ignoring KPI com.apple.kpi.iokit for kext as.vit9696.Lilu in KC/state mode
57:474  0:057  OCAK: Ignoring KPI com.apple.kpi.libkern for kext as.vit9696.Lilu in KC/state mode
57:519  0:044  OCAK: Ignoring KPI com.apple.kpi.mach for kext as.vit9696.Lilu in KC/state mode
57:563  0:044  OCAK: Ignoring KPI com.apple.kpi.unsupported for kext as.vit9696.Lilu in KC/state mode
57:625  0:062  OCAK: Local relocs 783 on FFFFFF8003F59000
57:669  0:044  OC: Prelinked injection 11\Lilu.kext () - Success
57:714  0:044  OCAK: as.vit9696.VirtualSMC got KXLD 0 0
57:772  0:058  OCAK: Requesting __LINKEDIT for as.vit9696.VirtualSMC - 6172B438 at 3E7F000
57:817  0:044  OCAK: Requesting SymbolTable for as.vit9696.VirtualSMC - 451
57:872  0:054  OCAK: Requesting SymbolTable for as.vit9696.Lilu - 962
57:923  0:051  OCAK: Patching invalid size 2000 with 18BF000 for com.apple.iokit.IOACPIFamily
57:968  0:044  OCAK: com.apple.iokit.IOACPIFamily got KXLD 0 0
58:013  0:044  OCAK: Requesting __LINKEDIT for com.apple.iokit.IOACPIFamily - 5FDE6430 at 253A000
58:071  0:058  OCAK: Requesting SymbolTable for com.apple.iokit.IOACPIFamily - 543
58:115  0:044  OCAK: Ignoring KPI com.apple.kpi.iokit for kext com.apple.iokit.IOACPIFamily in KC/state mode
58:160  0:044  OCAK: Ignoring KPI com.apple.kpi.libkern for kext com.apple.iokit.IOACPIFamily in KC/state mode
58:205  0:044  OCAK: Ignoring KPI com.apple.kpi.private for kext com.apple.iokit.IOACPIFamily in KC/state mode
58:249  0:044  OCAK: Ignoring KPI com.apple.kpi.unsupported for kext com.apple.iokit.IOACPIFamily in KC/state mode
58:309  0:059  OCAK: Ignoring KPI com.apple.kpi.bsd for kext as.vit9696.VirtualSMC in KC/state mode
58:353  0:044  OCAK: Ignoring KPI com.apple.kpi.dsep for kext as.vit9696.VirtualSMC in KC/state mode
58:398  0:044  OCAK: Ignoring KPI com.apple.kpi.iokit for kext as.vit9696.VirtualSMC in KC/state mode
58:453  0:054  OCAK: Ignoring KPI com.apple.kpi.libkern for kext as.vit9696.VirtualSMC in KC/state mode
58:498  0:044  OCAK: Ignoring KPI com.apple.kpi.mach for kext as.vit9696.VirtualSMC in KC/state mode
58:556  0:058  OCAK: Ignoring KPI com.apple.kpi.unsupported for kext as.vit9696.VirtualSMC in KC/state mode
58:621  0:065  OCAK: Local relocs 503 on FFFFFF8003FDF000
58:667  0:045  OC: Prelinked injection 11\VirtualSMC.kext () - Success
58:712  0:044  OCAK: as.vit9696.WhateverGreen got KXLD 0 0
58:756  0:044  OCAK: Requesting __LINKEDIT for as.vit9696.WhateverGreen - 6174A3E8 at 3E9E000
58:801  0:044  OCAK: Requesting SymbolTable for as.vit9696.WhateverGreen - 408
58:867  0:066  OCAK: Patching invalid size 28000 with 137A000 for com.apple.iokit.IOPCIFamily
58:923  0:055  OCAK: com.apple.iokit.IOPCIFamily got KXLD 0 0
58:967  0:044  OCAK: Requesting __LINKEDIT for com.apple.iokit.IOPCIFamily - 6032B480 at 2A7F000
59:022  0:055  OCAK: Requesting SymbolTable for com.apple.iokit.IOPCIFamily - 1307
59:067  0:044  OCAK: Ignoring KPI com.apple.kpi.iokit for kext com.apple.iokit.IOPCIFamily in KC/state mode
59:122  0:054  OCAK: Ignoring KPI com.apple.kpi.libkern for kext com.apple.iokit.IOPCIFamily in KC/state mode
59:180  0:058  OCAK: Ignoring KPI com.apple.kpi.mach for kext com.apple.iokit.IOPCIFamily in KC/state mode
59:225  0:044  OCAK: Ignoring KPI com.apple.kpi.private for kext com.apple.iokit.IOPCIFamily in KC/state mode
59:270  0:044  OCAK: Ignoring KPI com.apple.kpi.unsupported for kext com.apple.iokit.IOPCIFamily in KC/state mode
59:320  0:050  OCAK: Ignoring KPI com.apple.kpi.bsd for kext as.vit9696.WhateverGreen in KC/state mode
59:364  0:044  OCAK: Ignoring KPI com.apple.kpi.dsep for kext as.vit9696.WhateverGreen in KC/state mode
59:423  0:058  OCAK: Ignoring KPI com.apple.kpi.iokit for kext as.vit9696.WhateverGreen in KC/state mode
59:467  0:044  OCAK: Ignoring KPI com.apple.kpi.libkern for kext as.vit9696.WhateverGreen in KC/state mode
59:512  0:044  OCAK: Ignoring KPI com.apple.kpi.mach for kext as.vit9696.WhateverGreen in KC/state mode
59:557  0:044  OCAK: Ignoring KPI com.apple.kpi.unsupported for kext as.vit9696.WhateverGreen in KC/state mode
59:633  0:076  OCAK: Local relocs 1556 on FFFFFF8003FFE000
59:680  0:046  OC: Prelinked injection 11\WhateverGreen.kext () - Success
59:735  0:054  OCAK: as.vit9696.AppleALC got KXLD 0 0
59:788  0:053  OCAK: Requesting __LINKEDIT for as.vit9696.AppleALC - 617C93E8 at 3F1D000
59:833  0:044  OCAK: Requesting SymbolTable for as.vit9696.AppleALC - 354
59:877  0:044  OCAK: Ignoring KPI com.apple.kpi.bsd for kext as.vit9696.AppleALC in KC/state mode
59:922  0:044  OCAK: Ignoring KPI com.apple.kpi.dsep for kext as.vit9696.AppleALC in KC/state mode
59:980  0:058  OCAK: Ignoring KPI com.apple.kpi.iokit for kext as.vit9696.AppleALC in KC/state mode
60:025  0:044  OCAK: Ignoring KPI com.apple.kpi.libkern for kext as.vit9696.AppleALC in KC/state mode
60:069  0:044  OCAK: Ignoring KPI com.apple.kpi.mach for kext as.vit9696.AppleALC in KC/state mode
60:114  0:045  OCAK: Ignoring KPI com.apple.kpi.unsupported for kext as.vit9696.AppleALC in KC/state mode
60:176  0:061  OCAK: Local relocs 4578 on FFFFFF800407D000
60:263  0:087  OC: Prelinked injection 11\AppleALC.kext () - Success
60:306  0:043  OCAK: as.vit9696.SMCProcessor got KXLD 0 0
60:351  0:044  OCAK: Requesting __LINKEDIT for as.vit9696.SMCProcessor - 6192F3E8 at 4083000
60:395  0:044  OCAK: Requesting SymbolTable for as.vit9696.SMCProcessor - 354
60:450  0:055  OCAK: Requesting SymbolTable for as.vit9696.VirtualSMC - 27
60:496  0:045  OCAK: Ignoring KPI com.apple.kpi.bsd for kext as.vit9696.SMCProcessor in KC/state mode
60:540  0:044  OCAK: Ignoring KPI com.apple.kpi.dsep for kext as.vit9696.SMCProcessor in KC/state mode
60:598  0:058  OCAK: Ignoring KPI com.apple.kpi.iokit for kext as.vit9696.SMCProcessor in KC/state mode
60:643  0:044  OCAK: Ignoring KPI com.apple.kpi.libkern for kext as.vit9696.SMCProcessor in KC/state mode
60:687  0:044  OCAK: Ignoring KPI com.apple.kpi.mach for kext as.vit9696.SMCProcessor in KC/state mode
60:732  0:044  OCAK: Ignoring KPI com.apple.kpi.unsupported for kext as.vit9696.SMCProcessor in KC/state mode
60:805  0:073  OCAK: Local relocs 331 on FFFFFF80041E3000
60:850  0:044  OC: Prelinked injection 11\SMCProcessor.kext () - Success
60:894  0:044  OCAK: ru.joedm.SMCSuperIO got KXLD 0 0
60:939  0:044  OCAK: Requesting __LINKEDIT for ru.joedm.SMCSuperIO - 619433E8 at 4097000
60:983  0:044  OCAK: Requesting SymbolTable for ru.joedm.SMCSuperIO - 341
61:048  0:065  OCAK: Ignoring KPI com.apple.kpi.bsd for kext ru.joedm.SMCSuperIO in KC/state mode
61:093  0:045  OCAK: Ignoring KPI com.apple.kpi.dsep for kext ru.joedm.SMCSuperIO in KC/state mode
61:162  0:068  OCAK: Ignoring KPI com.apple.kpi.iokit for kext ru.joedm.SMCSuperIO in KC/state mode
61:207  0:044  OCAK: Ignoring KPI com.apple.kpi.libkern for kext ru.joedm.SMCSuperIO in KC/state mode
61:251  0:044  OCAK: Ignoring KPI com.apple.kpi.mach for kext ru.joedm.SMCSuperIO in KC/state mode
61:296  0:044  OCAK: Ignoring KPI com.apple.kpi.unsupported for kext ru.joedm.SMCSuperIO in KC/state mode
61:356  0:059  OCAK: Local relocs 1414 on FFFFFF80041F7000
61:417  0:061  OC: Prelinked injection 11\SMCSuperIO.kext () - Success
61:462  0:044  OCAK: com.insanelymac.RealtekRTL8111 got KXLD 0 0
61:507  0:044  OCAK: Requesting __LINKEDIT for com.insanelymac.RealtekRTL8111 - 6195F398 at 40B3000
61:551  0:044  OCAK: Requesting SymbolTable for com.insanelymac.RealtekRTL8111 - 641
61:604  0:052  OCAK: Patching invalid size 17000 with 1603000 for com.apple.iokit.IONetworkingFamily
61:648  0:044  OCAK: com.apple.iokit.IONetworkingFamily got KXLD 0 0
61:703  0:054  OCAK: Requesting __LINKEDIT for com.apple.iokit.IONetworkingFamily - 600A2480 at 27F6000
61:761  0:058  OCAK: Requesting SymbolTable for com.apple.iokit.IONetworkingFamily - 1644
61:806  0:044  OCAK: Ignoring KPI com.apple.kpi.bsd for kext com.apple.iokit.IONetworkingFamily in KC/state mode
61:851  0:044  OCAK: Ignoring KPI com.apple.kpi.iokit for kext com.apple.iokit.IONetworkingFamily in KC/state mode
61:895  0:044  OCAK: Ignoring KPI com.apple.kpi.libkern for kext com.apple.iokit.IONetworkingFamily in KC/state mode
61:953  0:057  OCAK: Ignoring KPI com.apple.kpi.mach for kext com.apple.iokit.IONetworkingFamily in KC/state mode
61:998  0:044  OCAK: Ignoring KPI com.apple.kpi.private for kext com.apple.iokit.IONetworkingFamily in KC/state mode
62:043  0:044  OCAK: Ignoring KPI com.apple.kpi.unsupported for kext com.apple.iokit.IONetworkingFamily in KC/state mode
62:095  0:052  OCAK: Ignoring KPI com.apple.kpi.bsd for kext com.insanelymac.RealtekRTL8111 in KC/state mode
62:140  0:045  OCAK: Ignoring KPI com.apple.kpi.iokit for kext com.insanelymac.RealtekRTL8111 in KC/state mode
62:198  0:058  OCAK: Ignoring KPI com.apple.kpi.libkern for kext com.insanelymac.RealtekRTL8111 in KC/state mode
62:243  0:044  OCAK: Ignoring KPI com.apple.kpi.mach for kext com.insanelymac.RealtekRTL8111 in KC/state mode
62:310  0:066  OCAK: Local relocs 469 on FFFFFF8004213000
62:365  0:055  OC: Prelinked injection 11\RealtekRTL8111.kext () - Success
62:409  0:044  OC: Prelink size 68382720 kext offset 64983040 reserved 3399680
62:467  0:058  OCAK: KC TEXT is 65536 bytes with 50256 Mach-O headers need 624
62:544  0:076  OC: Kernel patch skipped [0] IOAHCIBlockStorage (TRIM Enabler)
62:587  0:043  OC: Kernel patch skipped [1] PioneerSuperDrive (PioneerBD-RW No Sleep)
62:631  0:044  OC: Kernel patch skipped [2] AppleAHCIPort (External icons patch)
62:678  0:046  OCAK: Patching invalid size 1E000 with 2889000 for com.apple.driver.AppleIntelCPUPowerManagement
62:723  0:045  OCAK: com.apple.driver.AppleIntelCPUPowerManagement got KXLD 0 0
62:916  0:192  OCAK: Patching invalid size 6000 with 271F000 for com.apple.driver.AppleRTC
62:959  0:043  OCAK: com.apple.driver.AppleRTC got KXLD 0 0
63:004  0:044  OCAK: DisableRtcChecksum replace count - 4
63:048  0:044  OCAK: Patch success com.apple.driver.AppleRTC DisableRtcChecksum
63:322  0:274  OC: Prelinked status - Success
63:518  0:195  OC: Opening file usr\standalone\OS.dmg.root_hash with 1 mode gave - Not Found
